{"C:\\Dev\\HelsinkiFullStackOpen2023\\part5\\frontendblog\\src\\App.jsx": {"path":"C:\\Dev\\HelsinkiFullStackOpen2023\\part5\\frontendblog\\src\\App.jsx","statementMap":{"0":{"start":{"line":8,"column":27},"end":{"line":8,"column":48}},"1":{"start":{"line":11,"column":38},"end":{"line":11,"column":59}},"2":{"start":{"line":12,"column":28},"end":{"line":12,"column":40}},"3":{"start":{"line":14,"column":34},"end":{"line":14,"column":46}},"4":{"start":{"line":15,"column":34},"end":{"line":15,"column":46}},"5":{"start":{"line":17,"column":54},"end":{"line":17,"column":69}},"6":{"start":{"line":18,"column":50},"end":{"line":18,"column":62}},"7":{"start":{"line":20,"column":23},"end":{"line":20,"column":105}},"8":{"start":{"line":21,"column":2},"end":{"line":21,"column":29}},"9":{"start":{"line":22,"column":2},"end":{"line":64,"column":4}},"10":{"start":{"line":26,"column":31},"end":{"line":26,"column":39}},"11":{"start":{"line":30,"column":12},"end":{"line":30,"column":31}},"12":{"start":{"line":31,"column":12},"end":{"line":31,"column":27}},"13":{"start":{"line":36,"column":34},"end":{"line":36,"column":61}},"14":{"start":{"line":38,"column":50},"end":{"line":38,"column":77}},"15":{"start":{"line":67,"column":4},"end":{"line":84,"column":5}},"16":{"start":{"line":68,"column":23},"end":{"line":68,"column":55}},"17":{"start":{"line":69,"column":6},"end":{"line":81,"column":7}},"18":{"start":{"line":70,"column":22},"end":{"line":70,"column":77}},"19":{"start":{"line":71,"column":8},"end":{"line":71,"column":24}},"20":{"start":{"line":72,"column":8},"end":{"line":72,"column":33}},"21":{"start":{"line":73,"column":8},"end":{"line":76,"column":10}},"22":{"start":{"line":77,"column":8},"end":{"line":77,"column":56}},"23":{"start":{"line":79,"column":8},"end":{"line":79,"column":32}},"24":{"start":{"line":80,"column":8},"end":{"line":80,"column":83}},"25":{"start":{"line":83,"column":6},"end":{"line":83,"column":34}},"26":{"start":{"line":88,"column":21},"end":{"line":93,"column":6}},"27":{"start":{"line":94,"column":4},"end":{"line":94,"column":20}},"28":{"start":{"line":98,"column":21},"end":{"line":98,"column":78}},"29":{"start":{"line":99,"column":4},"end":{"line":99,"column":23}},"30":{"start":{"line":103,"column":21},"end":{"line":110,"column":6}},"31":{"start":{"line":112,"column":4},"end":{"line":112,"column":25}},"32":{"start":{"line":116,"column":21},"end":{"line":125,"column":6}},"33":{"start":{"line":126,"column":4},"end":{"line":126,"column":20}},"34":{"start":{"line":130,"column":4},"end":{"line":130,"column":30}},"35":{"start":{"line":131,"column":4},"end":{"line":131,"column":32}},"36":{"start":{"line":132,"column":4},"end":{"line":132,"column":57}},"37":{"start":{"line":132,"column":21},"end":{"line":132,"column":49}},"38":{"start":{"line":136,"column":4},"end":{"line":136,"column":31}},"39":{"start":{"line":137,"column":4},"end":{"line":137,"column":20}},"40":{"start":{"line":138,"column":4},"end":{"line":138,"column":20}},"41":{"start":{"line":139,"column":4},"end":{"line":139,"column":74}}},"fnMap":{"0":{"name":"App","decl":{"start":{"line":10,"column":9},"end":{"line":10,"column":12}},"loc":{"start":{"line":10,"column":15},"end":{"line":141,"column":1}},"line":10},"1":{"name":"(anonymous_1)","decl":{"start":{"line":26,"column":25},"end":{"line":26,"column":26}},"loc":{"start":{"line":26,"column":31},"end":{"line":26,"column":39}},"line":26},"2":{"name":"(anonymous_2)","decl":{"start":{"line":29,"column":20},"end":{"line":29,"column":21}},"loc":{"start":{"line":29,"column":27},"end":{"line":32,"column":11}},"line":29},"3":{"name":"(anonymous_3)","decl":{"start":{"line":36,"column":27},"end":{"line":36,"column":28}},"loc":{"start":{"line":36,"column":34},"end":{"line":36,"column":61}},"line":36},"4":{"name":"(anonymous_4)","decl":{"start":{"line":38,"column":43},"end":{"line":38,"column":44}},"loc":{"start":{"line":38,"column":50},"end":{"line":38,"column":77}},"line":38},"5":{"name":"handleSubmit","decl":{"start":{"line":66,"column":17},"end":{"line":66,"column":29}},"loc":{"start":{"line":66,"column":32},"end":{"line":85,"column":3}},"line":66},"6":{"name":"signIn","decl":{"start":{"line":87,"column":17},"end":{"line":87,"column":23}},"loc":{"start":{"line":87,"column":44},"end":{"line":95,"column":3}},"line":87},"7":{"name":"refetchBlogs","decl":{"start":{"line":97,"column":17},"end":{"line":97,"column":29}},"loc":{"start":{"line":97,"column":31},"end":{"line":100,"column":3}},"line":97},"8":{"name":"getBlogs","decl":{"start":{"line":102,"column":17},"end":{"line":102,"column":25}},"loc":{"start":{"line":102,"column":43},"end":{"line":113,"column":3}},"line":102},"9":{"name":"createBlog","decl":{"start":{"line":115,"column":11},"end":{"line":115,"column":21}},"loc":{"start":{"line":115,"column":45},"end":{"line":127,"column":3}},"line":115},"10":{"name":"showNotification","decl":{"start":{"line":129,"column":17},"end":{"line":129,"column":33}},"loc":{"start":{"line":129,"column":40},"end":{"line":133,"column":3}},"line":129},"11":{"name":"(anonymous_11)","decl":{"start":{"line":132,"column":15},"end":{"line":132,"column":16}},"loc":{"start":{"line":132,"column":21},"end":{"line":132,"column":49}},"line":132},"12":{"name":"logout","decl":{"start":{"line":135,"column":17},"end":{"line":135,"column":23}},"loc":{"start":{"line":135,"column":26},"end":{"line":140,"column":3}},"line":135}},"branchMap":{"0":{"loc":{"start":{"line":20,"column":23},"end":{"line":20,"column":105}},"type":"cond-expr","locations":[{"start":{"line":20,"column":50},"end":{"line":20,"column":98}},{"start":{"line":20,"column":101},"end":{"line":20,"column":105}}],"line":20},"1":{"loc":{"start":{"line":24,"column":7},"end":{"line":24,"column":75}},"type":"cond-expr","locations":[{"start":{"line":24,"column":28},"end":{"line":24,"column":68}},{"start":{"line":24,"column":71},"end":{"line":24,"column":75}}],"line":24},"2":{"loc":{"start":{"line":25,"column":7},"end":{"line":43,"column":7}},"type":"cond-expr","locations":[{"start":{"line":26,"column":8},"end":{"line":26,"column":57}},{"start":{"line":28,"column":8},"end":{"line":42,"column":15}}],"line":25},"3":{"loc":{"start":{"line":44,"column":7},"end":{"line":62,"column":7}},"type":"cond-expr","locations":[{"start":{"line":45,"column":8},"end":{"line":59,"column":11}},{"start":{"line":61,"column":8},"end":{"line":61,"column":63}}],"line":44},"4":{"loc":{"start":{"line":69,"column":6},"end":{"line":81,"column":7}},"type":"if","locations":[{"start":{"line":69,"column":6},"end":{"line":81,"column":7}},{"start":{"line":78,"column":13},"end":{"line":81,"column":7}}],"line":69}},"s":{"0":0,"1":0,"2":0,"3":0,"4":0,"5":0,"6":0,"7":0,"8":0,"9":0,"10":0,"11":0,"12":0,"13":0,"14":0,"15":0,"16":0,"17":0,"18":0,"19":0,"20":0,"21":0,"22":0,"23":0,"24":0,"25":0,"26":0,"27":0,"28":0,"29":0,"30":0,"31":0,"32":0,"33":0,"34":0,"35":0,"36":0,"37":0,"38":0,"39":0,"40":0,"41":0},"f":{"0":0,"1":0,"2":0,"3":0,"4":0,"5":0,"6":0,"7":0,"8":0,"9":0,"10":0,"11":0,"12":0},"b":{"0":[0,0],"1":[0,0],"2":[0,0],"3":[0,0],"4":[0,0]}}
,"C:\\Dev\\HelsinkiFullStackOpen2023\\part5\\frontendblog\\src\\Notification.jsx": {"path":"C:\\Dev\\HelsinkiFullStackOpen2023\\part5\\frontendblog\\src\\Notification.jsx","statementMap":{"0":{"start":{"line":4,"column":21},"end":{"line":11,"column":1}},"1":{"start":{"line":5,"column":21},"end":{"line":5,"column":66}},"2":{"start":{"line":6,"column":2},"end":{"line":10,"column":4}}},"fnMap":{"0":{"name":"(anonymous_0)","decl":{"start":{"line":4,"column":21},"end":{"line":4,"column":22}},"loc":{"start":{"line":4,"column":44},"end":{"line":11,"column":1}},"line":4}},"branchMap":{"0":{"loc":{"start":{"line":5,"column":21},"end":{"line":5,"column":66}},"type":"cond-expr","locations":[{"start":{"line":5,"column":45},"end":{"line":5,"column":54}},{"start":{"line":5,"column":57},"end":{"line":5,"column":66}}],"line":5}},"s":{"0":0,"1":0,"2":0},"f":{"0":0},"b":{"0":[0,0]}}
,"C:\\Dev\\HelsinkiFullStackOpen2023\\part5\\frontendblog\\src\\main.jsx": {"path":"C:\\Dev\\HelsinkiFullStackOpen2023\\part5\\frontendblog\\src\\main.jsx","statementMap":{"0":{"start":{"line":6,"column":0},"end":{"line":10,"column":2}}},"fnMap":{},"branchMap":{},"s":{"0":0},"f":{},"b":{}}
}
