{"C:\\Dev\\HelsinkiFullStackOpen2023\\part5\\frontendblog\\src\\App.jsx": {"path":"C:\\Dev\\HelsinkiFullStackOpen2023\\part5\\frontendblog\\src\\App.jsx","statementMap":{"0":{"start":{"line":8,"column":27},"end":{"line":8,"column":48}},"1":{"start":{"line":12,"column":38},"end":{"line":12,"column":59}},"2":{"start":{"line":13,"column":28},"end":{"line":13,"column":40}},"3":{"start":{"line":15,"column":34},"end":{"line":15,"column":46}},"4":{"start":{"line":16,"column":34},"end":{"line":16,"column":46}},"5":{"start":{"line":18,"column":54},"end":{"line":18,"column":69}},"6":{"start":{"line":19,"column":50},"end":{"line":19,"column":62}},"7":{"start":{"line":21,"column":23},"end":{"line":21,"column":105}},"8":{"start":{"line":23,"column":2},"end":{"line":65,"column":4}},"9":{"start":{"line":27,"column":31},"end":{"line":27,"column":39}},"10":{"start":{"line":31,"column":12},"end":{"line":31,"column":31}},"11":{"start":{"line":32,"column":12},"end":{"line":32,"column":27}},"12":{"start":{"line":37,"column":58},"end":{"line":37,"column":85}},"13":{"start":{"line":39,"column":74},"end":{"line":39,"column":101}},"14":{"start":{"line":68,"column":4},"end":{"line":85,"column":5}},"15":{"start":{"line":69,"column":23},"end":{"line":69,"column":55}},"16":{"start":{"line":70,"column":6},"end":{"line":82,"column":7}},"17":{"start":{"line":71,"column":22},"end":{"line":71,"column":57}},"18":{"start":{"line":72,"column":8},"end":{"line":72,"column":24}},"19":{"start":{"line":73,"column":8},"end":{"line":73,"column":33}},"20":{"start":{"line":74,"column":8},"end":{"line":77,"column":10}},"21":{"start":{"line":78,"column":8},"end":{"line":78,"column":56}},"22":{"start":{"line":80,"column":8},"end":{"line":80,"column":32}},"23":{"start":{"line":81,"column":8},"end":{"line":81,"column":83}},"24":{"start":{"line":84,"column":6},"end":{"line":84,"column":34}},"25":{"start":{"line":89,"column":21},"end":{"line":94,"column":6}},"26":{"start":{"line":95,"column":4},"end":{"line":95,"column":20}},"27":{"start":{"line":99,"column":21},"end":{"line":99,"column":46}},"28":{"start":{"line":100,"column":4},"end":{"line":100,"column":23}},"29":{"start":{"line":104,"column":21},"end":{"line":111,"column":6}},"30":{"start":{"line":113,"column":4},"end":{"line":113,"column":25}},"31":{"start":{"line":117,"column":21},"end":{"line":126,"column":6}},"32":{"start":{"line":127,"column":4},"end":{"line":127,"column":20}},"33":{"start":{"line":131,"column":4},"end":{"line":131,"column":30}},"34":{"start":{"line":132,"column":4},"end":{"line":132,"column":32}},"35":{"start":{"line":133,"column":4},"end":{"line":133,"column":57}},"36":{"start":{"line":133,"column":21},"end":{"line":133,"column":49}},"37":{"start":{"line":137,"column":4},"end":{"line":137,"column":31}},"38":{"start":{"line":138,"column":4},"end":{"line":138,"column":20}},"39":{"start":{"line":139,"column":4},"end":{"line":139,"column":20}},"40":{"start":{"line":140,"column":4},"end":{"line":140,"column":74}},"41":{"start":{"line":146,"column":19},"end":{"line":148,"column":3}},"42":{"start":{"line":149,"column":2},"end":{"line":149,"column":17}}},"fnMap":{"0":{"name":"App","decl":{"start":{"line":10,"column":16},"end":{"line":10,"column":19}},"loc":{"start":{"line":10,"column":22},"end":{"line":142,"column":1}},"line":10},"1":{"name":"(anonymous_1)","decl":{"start":{"line":27,"column":25},"end":{"line":27,"column":26}},"loc":{"start":{"line":27,"column":31},"end":{"line":27,"column":39}},"line":27},"2":{"name":"(anonymous_2)","decl":{"start":{"line":30,"column":20},"end":{"line":30,"column":21}},"loc":{"start":{"line":30,"column":27},"end":{"line":33,"column":11}},"line":30},"3":{"name":"(anonymous_3)","decl":{"start":{"line":37,"column":51},"end":{"line":37,"column":52}},"loc":{"start":{"line":37,"column":58},"end":{"line":37,"column":85}},"line":37},"4":{"name":"(anonymous_4)","decl":{"start":{"line":39,"column":67},"end":{"line":39,"column":68}},"loc":{"start":{"line":39,"column":74},"end":{"line":39,"column":101}},"line":39},"5":{"name":"handleSubmit","decl":{"start":{"line":67,"column":17},"end":{"line":67,"column":29}},"loc":{"start":{"line":67,"column":32},"end":{"line":86,"column":3}},"line":67},"6":{"name":"signIn","decl":{"start":{"line":88,"column":17},"end":{"line":88,"column":23}},"loc":{"start":{"line":88,"column":44},"end":{"line":96,"column":3}},"line":88},"7":{"name":"refetchBlogs","decl":{"start":{"line":98,"column":17},"end":{"line":98,"column":29}},"loc":{"start":{"line":98,"column":40},"end":{"line":101,"column":3}},"line":98},"8":{"name":"getBlogs","decl":{"start":{"line":103,"column":17},"end":{"line":103,"column":25}},"loc":{"start":{"line":103,"column":33},"end":{"line":114,"column":3}},"line":103},"9":{"name":"createBlog","decl":{"start":{"line":116,"column":11},"end":{"line":116,"column":21}},"loc":{"start":{"line":116,"column":45},"end":{"line":128,"column":3}},"line":116},"10":{"name":"showNotification","decl":{"start":{"line":130,"column":17},"end":{"line":130,"column":33}},"loc":{"start":{"line":130,"column":40},"end":{"line":134,"column":3}},"line":130},"11":{"name":"(anonymous_11)","decl":{"start":{"line":133,"column":15},"end":{"line":133,"column":16}},"loc":{"start":{"line":133,"column":21},"end":{"line":133,"column":49}},"line":133},"12":{"name":"logout","decl":{"start":{"line":136,"column":17},"end":{"line":136,"column":23}},"loc":{"start":{"line":136,"column":26},"end":{"line":141,"column":3}},"line":136},"13":{"name":"getUserInfo","decl":{"start":{"line":145,"column":16},"end":{"line":145,"column":27}},"loc":{"start":{"line":145,"column":29},"end":{"line":150,"column":1}},"line":145}},"branchMap":{"0":{"loc":{"start":{"line":21,"column":23},"end":{"line":21,"column":105}},"type":"cond-expr","locations":[{"start":{"line":21,"column":50},"end":{"line":21,"column":98}},{"start":{"line":21,"column":101},"end":{"line":21,"column":105}}],"line":21},"1":{"loc":{"start":{"line":25,"column":7},"end":{"line":25,"column":75}},"type":"cond-expr","locations":[{"start":{"line":25,"column":28},"end":{"line":25,"column":68}},{"start":{"line":25,"column":71},"end":{"line":25,"column":75}}],"line":25},"2":{"loc":{"start":{"line":26,"column":7},"end":{"line":44,"column":7}},"type":"cond-expr","locations":[{"start":{"line":27,"column":8},"end":{"line":27,"column":57}},{"start":{"line":29,"column":8},"end":{"line":43,"column":15}}],"line":26},"3":{"loc":{"start":{"line":45,"column":7},"end":{"line":63,"column":7}},"type":"cond-expr","locations":[{"start":{"line":46,"column":8},"end":{"line":60,"column":11}},{"start":{"line":62,"column":8},"end":{"line":62,"column":63}}],"line":45},"4":{"loc":{"start":{"line":70,"column":6},"end":{"line":82,"column":7}},"type":"if","locations":[{"start":{"line":70,"column":6},"end":{"line":82,"column":7}},{"start":{"line":79,"column":13},"end":{"line":82,"column":7}}],"line":70}},"s":{"0":0,"1":0,"2":0,"3":0,"4":0,"5":0,"6":0,"7":0,"8":0,"9":0,"10":0,"11":0,"12":0,"13":0,"14":0,"15":0,"16":0,"17":0,"18":0,"19":0,"20":0,"21":0,"22":0,"23":0,"24":0,"25":0,"26":0,"27":0,"28":0,"29":0,"30":0,"31":0,"32":0,"33":0,"34":0,"35":0,"36":0,"37":0,"38":0,"39":0,"40":0,"41":0,"42":0},"f":{"0":0,"1":0,"2":0,"3":0,"4":0,"5":0,"6":0,"7":0,"8":0,"9":0,"10":0,"11":0,"12":0,"13":0},"b":{"0":[0,0],"1":[0,0],"2":[0,0],"3":[0,0],"4":[0,0]}}
,"C:\\Dev\\HelsinkiFullStackOpen2023\\part5\\frontendblog\\src\\Blog.jsx": {"path":"C:\\Dev\\HelsinkiFullStackOpen2023\\part5\\frontendblog\\src\\Blog.jsx","statementMap":{"0":{"start":{"line":6,"column":13},"end":{"line":34,"column":1}},"1":{"start":{"line":7,"column":42},"end":{"line":7,"column":57}},"2":{"start":{"line":8,"column":2},"end":{"line":33,"column":4}},"3":{"start":{"line":10,"column":30},"end":{"line":10,"column":60}},"4":{"start":{"line":20,"column":14},"end":{"line":20,"column":99}},"5":{"start":{"line":28,"column":69},"end":{"line":28,"column":89}},"6":{"start":{"line":36,"column":0},"end":{"line":42,"column":1}}},"fnMap":{"0":{"name":"(anonymous_0)","decl":{"start":{"line":6,"column":13},"end":{"line":6,"column":14}},"loc":{"start":{"line":6,"column":59},"end":{"line":34,"column":1}},"line":6},"1":{"name":"(anonymous_1)","decl":{"start":{"line":10,"column":23},"end":{"line":10,"column":24}},"loc":{"start":{"line":10,"column":30},"end":{"line":10,"column":60}},"line":10},"2":{"name":"(anonymous_2)","decl":{"start":{"line":19,"column":21},"end":{"line":19,"column":22}},"loc":{"start":{"line":20,"column":14},"end":{"line":20,"column":99}},"line":20},"3":{"name":"(anonymous_3)","decl":{"start":{"line":28,"column":62},"end":{"line":28,"column":63}},"loc":{"start":{"line":28,"column":69},"end":{"line":28,"column":89}},"line":28}},"branchMap":{"0":{"loc":{"start":{"line":11,"column":9},"end":{"line":11,"column":39}},"type":"cond-expr","locations":[{"start":{"line":11,"column":24},"end":{"line":11,"column":30}},{"start":{"line":11,"column":33},"end":{"line":11,"column":39}}],"line":11},"1":{"loc":{"start":{"line":15,"column":7},"end":{"line":31,"column":14}},"type":"cond-expr","locations":[{"start":{"line":16,"column":8},"end":{"line":30,"column":11}},{"start":{"line":31,"column":10},"end":{"line":31,"column":14}}],"line":15},"2":{"loc":{"start":{"line":17,"column":21},"end":{"line":17,"column":62}},"type":"cond-expr","locations":[{"start":{"line":17,"column":48},"end":{"line":17,"column":49}},{"start":{"line":17,"column":52},"end":{"line":17,"column":62}}],"line":17},"3":{"loc":{"start":{"line":20,"column":45},"end":{"line":20,"column":90}},"type":"cond-expr","locations":[{"start":{"line":20,"column":72},"end":{"line":20,"column":73}},{"start":{"line":20,"column":76},"end":{"line":20,"column":90}}],"line":20},"4":{"loc":{"start":{"line":28,"column":12},"end":{"line":28,"column":113}},"type":"cond-expr","locations":[{"start":{"line":28,"column":45},"end":{"line":28,"column":106}},{"start":{"line":28,"column":109},"end":{"line":28,"column":113}}],"line":28}},"s":{"0":1,"1":5,"2":5,"3":2,"4":2,"5":0,"6":1},"f":{"0":5,"1":2,"2":2,"3":0},"b":{"0":[2,3],"1":[2,3],"2":[0,2],"3":[0,2],"4":[0,2]},"_coverageSchema":"1a1c01bbd47fc00a2c39e90264f33305004495a9","hash":"a23f68757f33d7f9a1e4f14ce8967060c2db0691"}
,"C:\\Dev\\HelsinkiFullStackOpen2023\\part5\\frontendblog\\src\\BlogCreationForm.jsx": {"path":"C:\\Dev\\HelsinkiFullStackOpen2023\\part5\\frontendblog\\src\\BlogCreationForm.jsx","statementMap":{"0":{"start":{"line":4,"column":25},"end":{"line":46,"column":1}},"1":{"start":{"line":5,"column":28},"end":{"line":5,"column":40}},"2":{"start":{"line":6,"column":30},"end":{"line":6,"column":42}},"3":{"start":{"line":7,"column":24},"end":{"line":7,"column":36}},"4":{"start":{"line":9,"column":40},"end":{"line":9,"column":55}},"5":{"start":{"line":11,"column":2},"end":{"line":45,"column":4}},"6":{"start":{"line":13,"column":30},"end":{"line":13,"column":58}},"7":{"start":{"line":19,"column":12},"end":{"line":19,"column":31}},"8":{"start":{"line":20,"column":29},"end":{"line":24,"column":14}},"9":{"start":{"line":25,"column":12},"end":{"line":31,"column":13}},"10":{"start":{"line":26,"column":14},"end":{"line":26,"column":90}},"11":{"start":{"line":27,"column":14},"end":{"line":27,"column":40}},"12":{"start":{"line":28,"column":14},"end":{"line":28,"column":36}},"13":{"start":{"line":30,"column":14},"end":{"line":30,"column":57}},"14":{"start":{"line":36,"column":50},"end":{"line":36,"column":74}},"15":{"start":{"line":38,"column":51},"end":{"line":38,"column":76}},"16":{"start":{"line":40,"column":48},"end":{"line":40,"column":70}}},"fnMap":{"0":{"name":"(anonymous_0)","decl":{"start":{"line":4,"column":25},"end":{"line":4,"column":26}},"loc":{"start":{"line":4,"column":94},"end":{"line":46,"column":1}},"line":4},"1":{"name":"(anonymous_1)","decl":{"start":{"line":13,"column":23},"end":{"line":13,"column":24}},"loc":{"start":{"line":13,"column":30},"end":{"line":13,"column":58}},"line":13},"2":{"name":"(anonymous_2)","decl":{"start":{"line":18,"column":20},"end":{"line":18,"column":21}},"loc":{"start":{"line":18,"column":33},"end":{"line":32,"column":11}},"line":18},"3":{"name":"(anonymous_3)","decl":{"start":{"line":36,"column":43},"end":{"line":36,"column":44}},"loc":{"start":{"line":36,"column":50},"end":{"line":36,"column":74}},"line":36},"4":{"name":"(anonymous_4)","decl":{"start":{"line":38,"column":44},"end":{"line":38,"column":45}},"loc":{"start":{"line":38,"column":51},"end":{"line":38,"column":76}},"line":38},"5":{"name":"(anonymous_5)","decl":{"start":{"line":40,"column":41},"end":{"line":40,"column":42}},"loc":{"start":{"line":40,"column":48},"end":{"line":40,"column":70}},"line":40}},"branchMap":{"0":{"loc":{"start":{"line":14,"column":9},"end":{"line":14,"column":74}},"type":"cond-expr","locations":[{"start":{"line":14,"column":23},"end":{"line":14,"column":48}},{"start":{"line":14,"column":51},"end":{"line":14,"column":74}}],"line":14},"1":{"loc":{"start":{"line":16,"column":7},"end":{"line":43,"column":14}},"type":"cond-expr","locations":[{"start":{"line":17,"column":8},"end":{"line":42,"column":15}},{"start":{"line":43,"column":10},"end":{"line":43,"column":14}}],"line":16},"2":{"loc":{"start":{"line":25,"column":12},"end":{"line":31,"column":13}},"type":"if","locations":[{"start":{"line":25,"column":12},"end":{"line":31,"column":13}},{"start":{"line":29,"column":19},"end":{"line":31,"column":13}}],"line":25}},"s":{"0":1,"1":5,"2":5,"3":5,"4":5,"5":5,"6":1,"7":1,"8":1,"9":1,"10":1,"11":1,"12":1,"13":0,"14":1,"15":1,"16":1},"f":{"0":5,"1":1,"2":1,"3":1,"4":1,"5":1},"b":{"0":[4,1],"1":[4,1],"2":[1,0]},"_coverageSchema":"1a1c01bbd47fc00a2c39e90264f33305004495a9","hash":"2f01cd0e27b1f2d50e11f55baaf8ec7cf5c33930"}
,"C:\\Dev\\HelsinkiFullStackOpen2023\\part5\\frontendblog\\src\\Notification.jsx": {"path":"C:\\Dev\\HelsinkiFullStackOpen2023\\part5\\frontendblog\\src\\Notification.jsx","statementMap":{"0":{"start":{"line":4,"column":21},"end":{"line":11,"column":1}},"1":{"start":{"line":5,"column":21},"end":{"line":5,"column":66}},"2":{"start":{"line":6,"column":2},"end":{"line":10,"column":4}}},"fnMap":{"0":{"name":"(anonymous_0)","decl":{"start":{"line":4,"column":21},"end":{"line":4,"column":22}},"loc":{"start":{"line":4,"column":44},"end":{"line":11,"column":1}},"line":4}},"branchMap":{"0":{"loc":{"start":{"line":5,"column":21},"end":{"line":5,"column":66}},"type":"cond-expr","locations":[{"start":{"line":5,"column":45},"end":{"line":5,"column":54}},{"start":{"line":5,"column":57},"end":{"line":5,"column":66}}],"line":5}},"s":{"0":0,"1":0,"2":0},"f":{"0":0},"b":{"0":[0,0]}}
,"C:\\Dev\\HelsinkiFullStackOpen2023\\part5\\frontendblog\\src\\UserInfo.jsx": {"path":"C:\\Dev\\HelsinkiFullStackOpen2023\\part5\\frontendblog\\src\\UserInfo.jsx","statementMap":{"0":{"start":{"line":8,"column":17},"end":{"line":64,"column":1}},"1":{"start":{"line":10,"column":22},"end":{"line":16,"column":3}},"2":{"start":{"line":12,"column":6},"end":{"line":14,"column":8}},"3":{"start":{"line":13,"column":8},"end":{"line":13,"column":33}},"4":{"start":{"line":18,"column":2},"end":{"line":33,"column":4}},"5":{"start":{"line":28,"column":12},"end":{"line":28,"column":123}},"6":{"start":{"line":36,"column":21},"end":{"line":42,"column":6}},"7":{"start":{"line":43,"column":4},"end":{"line":47,"column":5}},"8":{"start":{"line":44,"column":6},"end":{"line":44,"column":36}},"9":{"start":{"line":46,"column":6},"end":{"line":46,"column":41}},"10":{"start":{"line":51,"column":21},"end":{"line":56,"column":6}},"11":{"start":{"line":57,"column":4},"end":{"line":62,"column":5}},"12":{"start":{"line":58,"column":6},"end":{"line":58,"column":27}},"13":{"start":{"line":59,"column":6},"end":{"line":59,"column":57}},"14":{"start":{"line":61,"column":6},"end":{"line":61,"column":43}}},"fnMap":{"0":{"name":"(anonymous_0)","decl":{"start":{"line":8,"column":17},"end":{"line":8,"column":18}},"loc":{"start":{"line":8,"column":95},"end":{"line":64,"column":1}},"line":8},"1":{"name":"(anonymous_1)","decl":{"start":{"line":11,"column":4},"end":{"line":11,"column":5}},"loc":{"start":{"line":12,"column":6},"end":{"line":14,"column":8}},"line":12},"2":{"name":"(anonymous_2)","decl":{"start":{"line":12,"column":17},"end":{"line":12,"column":18}},"loc":{"start":{"line":12,"column":32},"end":{"line":14,"column":7}},"line":12},"3":{"name":"(anonymous_3)","decl":{"start":{"line":27,"column":27},"end":{"line":27,"column":28}},"loc":{"start":{"line":27,"column":37},"end":{"line":29,"column":11}},"line":27},"4":{"name":"like","decl":{"start":{"line":35,"column":17},"end":{"line":35,"column":21}},"loc":{"start":{"line":35,"column":46},"end":{"line":48,"column":3}},"line":35},"5":{"name":"deleteBlog","decl":{"start":{"line":50,"column":17},"end":{"line":50,"column":27}},"loc":{"start":{"line":50,"column":46},"end":{"line":63,"column":3}},"line":50}},"branchMap":{"0":{"loc":{"start":{"line":23,"column":7},"end":{"line":31,"column":7}},"type":"cond-expr","locations":[{"start":{"line":24,"column":8},"end":{"line":24,"column":54}},{"start":{"line":26,"column":8},"end":{"line":30,"column":13}}],"line":23},"1":{"loc":{"start":{"line":43,"column":4},"end":{"line":47,"column":5}},"type":"if","locations":[{"start":{"line":43,"column":4},"end":{"line":47,"column":5}},{"start":{"line":45,"column":11},"end":{"line":47,"column":5}}],"line":43},"2":{"loc":{"start":{"line":57,"column":4},"end":{"line":62,"column":5}},"type":"if","locations":[{"start":{"line":57,"column":4},"end":{"line":62,"column":5}},{"start":{"line":60,"column":11},"end":{"line":62,"column":5}}],"line":57}},"s":{"0":0,"1":0,"2":0,"3":0,"4":0,"5":0,"6":0,"7":0,"8":0,"9":0,"10":0,"11":0,"12":0,"13":0,"14":0},"f":{"0":0,"1":0,"2":0,"3":0,"4":0,"5":0},"b":{"0":[0,0],"1":[0,0],"2":[0,0]}}
,"C:\\Dev\\HelsinkiFullStackOpen2023\\part5\\frontendblog\\src\\main.jsx": {"path":"C:\\Dev\\HelsinkiFullStackOpen2023\\part5\\frontendblog\\src\\main.jsx","statementMap":{"0":{"start":{"line":8,"column":0},"end":{"line":12,"column":2}}},"fnMap":{},"branchMap":{},"s":{"0":0},"f":{},"b":{}}
,"C:\\Dev\\HelsinkiFullStackOpen2023\\part5\\frontendblog\\src\\xd.jsx": {"path":"C:\\Dev\\HelsinkiFullStackOpen2023\\part5\\frontendblog\\src\\xd.jsx","statementMap":{"0":{"start":{"line":4,"column":4},"end":{"line":6,"column":5}}},"fnMap":{"0":{"name":"(anonymous_0)","decl":{"start":{"line":3,"column":15},"end":{"line":3,"column":16}},"loc":{"start":{"line":3,"column":21},"end":{"line":7,"column":1}},"line":3}},"branchMap":{},"s":{"0":0},"f":{"0":0},"b":{}}
}
