TN:
SF:src\App.jsx
FN:10,App
FN:27,(anonymous_1)
FN:30,(anonymous_2)
FN:37,(anonymous_3)
FN:39,(anonymous_4)
FN:67,handleSubmit
FN:88,signIn
FN:98,refetchBlogs
FN:103,getBlogs
FN:116,createBlog
FN:130,showNotification
FN:133,(anonymous_11)
FN:136,logout
FN:145,getUserInfo
FNF:14
FNH:0
FNDA:0,App
FNDA:0,(anonymous_1)
FNDA:0,(anonymous_2)
FNDA:0,(anonymous_3)
FNDA:0,(anonymous_4)
FNDA:0,handleSubmit
FNDA:0,signIn
FNDA:0,refetchBlogs
FNDA:0,getBlogs
FNDA:0,createBlog
FNDA:0,showNotification
FNDA:0,(anonymous_11)
FNDA:0,logout
FNDA:0,getUserInfo
DA:8,0
DA:12,0
DA:13,0
DA:15,0
DA:16,0
DA:18,0
DA:19,0
DA:21,0
DA:23,0
DA:27,0
DA:31,0
DA:32,0
DA:37,0
DA:39,0
DA:68,0
DA:69,0
DA:70,0
DA:71,0
DA:72,0
DA:73,0
DA:74,0
DA:78,0
DA:80,0
DA:81,0
DA:84,0
DA:89,0
DA:95,0
DA:99,0
DA:100,0
DA:104,0
DA:113,0
DA:117,0
DA:127,0
DA:131,0
DA:132,0
DA:133,0
DA:137,0
DA:138,0
DA:139,0
DA:140,0
DA:146,0
DA:149,0
LF:42
LH:0
BRDA:21,0,0,0
BRDA:21,0,1,0
BRDA:25,1,0,0
BRDA:25,1,1,0
BRDA:26,2,0,0
BRDA:26,2,1,0
BRDA:45,3,0,0
BRDA:45,3,1,0
BRDA:70,4,0,0
BRDA:70,4,1,0
BRF:10
BRH:0
end_of_record
TN:
SF:src\Blog.jsx
FN:6,(anonymous_0)
FN:10,(anonymous_1)
FN:19,(anonymous_2)
FN:28,(anonymous_3)
FNF:4
FNH:3
FNDA:5,(anonymous_0)
FNDA:2,(anonymous_1)
FNDA:2,(anonymous_2)
FNDA:0,(anonymous_3)
DA:6,1
DA:7,5
DA:8,5
DA:10,2
DA:20,2
DA:28,0
DA:36,1
LF:7
LH:6
BRDA:11,0,0,2
BRDA:11,0,1,3
BRDA:15,1,0,2
BRDA:15,1,1,3
BRDA:17,2,0,0
BRDA:17,2,1,2
BRDA:20,3,0,0
BRDA:20,3,1,2
BRDA:28,4,0,0
BRDA:28,4,1,2
BRF:10
BRH:7
end_of_record
TN:
SF:src\BlogCreationForm.jsx
FN:4,(anonymous_0)
FN:13,(anonymous_1)
FN:18,(anonymous_2)
FN:36,(anonymous_3)
FN:38,(anonymous_4)
FN:40,(anonymous_5)
FNF:6
FNH:6
FNDA:5,(anonymous_0)
FNDA:1,(anonymous_1)
FNDA:1,(anonymous_2)
FNDA:1,(anonymous_3)
FNDA:1,(anonymous_4)
FNDA:1,(anonymous_5)
DA:4,1
DA:5,5
DA:6,5
DA:7,5
DA:9,5
DA:11,5
DA:13,1
DA:19,1
DA:20,1
DA:25,1
DA:26,1
DA:27,1
DA:28,1
DA:30,0
DA:36,1
DA:38,1
DA:40,1
LF:17
LH:16
BRDA:14,0,0,4
BRDA:14,0,1,1
BRDA:16,1,0,4
BRDA:16,1,1,1
BRDA:25,2,0,1
BRDA:25,2,1,0
BRF:6
BRH:5
end_of_record
TN:
SF:src\Notification.jsx
FN:4,(anonymous_0)
FNF:1
FNH:0
FNDA:0,(anonymous_0)
DA:4,0
DA:5,0
DA:6,0
LF:3
LH:0
BRDA:5,0,0,0
BRDA:5,0,1,0
BRF:2
BRH:0
end_of_record
TN:
SF:src\UserInfo.jsx
FN:8,(anonymous_0)
FN:11,(anonymous_1)
FN:12,(anonymous_2)
FN:27,(anonymous_3)
FN:35,like
FN:50,deleteBlog
FNF:6
FNH:0
FNDA:0,(anonymous_0)
FNDA:0,(anonymous_1)
FNDA:0,(anonymous_2)
FNDA:0,(anonymous_3)
FNDA:0,like
FNDA:0,deleteBlog
DA:8,0
DA:10,0
DA:12,0
DA:13,0
DA:18,0
DA:28,0
DA:36,0
DA:43,0
DA:44,0
DA:46,0
DA:51,0
DA:57,0
DA:58,0
DA:59,0
DA:61,0
LF:15
LH:0
BRDA:23,0,0,0
BRDA:23,0,1,0
BRDA:43,1,0,0
BRDA:43,1,1,0
BRDA:57,2,0,0
BRDA:57,2,1,0
BRF:6
BRH:0
end_of_record
TN:
SF:src\main.jsx
FNF:0
FNH:0
DA:8,0
LF:1
LH:0
BRF:0
BRH:0
end_of_record
TN:
SF:src\xd.jsx
FN:3,(anonymous_0)
FNF:1
FNH:0
FNDA:0,(anonymous_0)
DA:4,0
LF:1
LH:0
BRF:0
BRH:0
end_of_record
